<?xml version="1.0" encoding="UTF-8"?>
<!-- Generated by org.testng.reporters.JUnitXMLReporter -->
<testsuite hostname="DESKTOP-INQUNRP" ignored="0" name="InvoiceLinkTestToFail" tests="2" failures="2" timestamp="2021-11-18T22:08:00 EST" time="15.494" errors="0">
  <testcase name="clickInvoiceTest" time="7.92" classname="com.Omecen.NewInvoiceTests.InvoiceLinkTestToFail">
    <failure type="java.lang.AssertionError" message="expected [Inventory Software] but found [abcd]">
      <![CDATA[java.lang.AssertionError: expected [Inventory Software] but found [abcd]
at com.Omecen.NewInvoiceTests.InvoiceLinkTestToFail.clickInvoiceTest(InvoiceLinkTestToFail.java:19)
at java.util.ArrayList.forEach(Unknown Source)
... Removed 32 stack frames]]>
    </failure>
  </testcase> <!-- clickInvoiceTest -->
  <testcase name="clickInvoiceTest" time="7.926" classname="com.Omecen.NewInvoiceTests.InvoiceLinkTestToFail">
    <failure type="java.lang.NullPointerException">
      <![CDATA[java.lang.NullPointerException
at com.Omecen.ExtentReportManager.ExtentManager.getScreenshot(ExtentManager.java:50)
at com.Omecen.Listeners.OmecenListeners.onTestFailure(OmecenListeners.java:73)
at java.util.ArrayList.forEach(Unknown Source)
... Removed 24 stack frames]]>
    </failure>
  </testcase> <!-- clickInvoiceTest -->
</testsuite> <!-- InvoiceLinkTestToFail -->
