<?xml version="1.0" encoding="UTF-8"?>
<testng-results skipped="0" failed="0" ignored="0" total="1" passed="1">
  <reporter-output>
  </reporter-output>
  <suite name="com.Omecen.DummyTest" duration-ms="114" started-at="2021-11-10T20:50:24 EST" finished-at="2021-11-10T20:50:24 EST">
    <groups>
    </groups>
    <test name="Command line test" duration-ms="114" started-at="2021-11-10T20:50:24 EST" finished-at="2021-11-10T20:50:24 EST">
      <class name="com.Omecen.DummyTest">
        <test-method status="PASS" signature="testOne()[pri:0, instance:com.Omecen.DummyTest@68c4039c]" name="testOne" duration-ms="20" started-at="2021-11-10T20:50:24 EST" finished-at="2021-11-10T20:50:24 EST">
          <reporter-output>
          </reporter-output>
        </test-method> <!-- testOne -->
      </class> <!-- com.Omecen.DummyTest -->
    </test> <!-- Command line test -->
  </suite> <!-- com.Omecen.DummyTest -->
</testng-results>
